<?xml version="1.0" encoding="UTF-8"?>
<!-- Generated by org.testng.reporters.JUnitXMLReporter -->
<testsuite ignored="0" hostname="SumedhKrishna" failures="0" tests="4" name="Default test" time="3.997" errors="0" timestamp="2023-07-18T23:41:00 EDT">
  <testcase classname="com.anusha.test.UserTest" name="testPostUser" time="1.641"/>
  <testcase classname="com.anusha.test.UserTest" name="testGetUser" time="0.783"/>
  <testcase classname="com.anusha.test.UserTest" name="testPutUser" time="0.739"/>
  <testcase classname="com.anusha.test.UserTest" name="testDeleteUser" time="0.229"/>
</testsuite> <!-- Default test -->
