<?xml version="1.0" encoding="UTF-8"?>
<!-- Generated by org.testng.reporters.JUnitXMLReporter -->
<testsuite ignored="0" hostname="SumedhKrishna" failures="0" tests="4" name="PetTest" time="3.87" errors="0" timestamp="2023-07-19T00:49:11 EDT">
  <testcase classname="com.anusha.test.UserTest2" name="testPostUser" time="1.451"/>
  <testcase classname="com.anusha.test.UserTest2" name="testGetUser" time="0.745"/>
  <testcase classname="com.anusha.test.UserTest2" name="testPutUser" time="0.6"/>
  <testcase classname="com.anusha.test.UserTest2" name="testDeleteUser" time="0.412"/>
</testsuite> <!-- PetTest -->
