<?xml version="1.0" encoding="UTF-8"?>
<testng-results ignored="0" total="4" passed="4" failed="0" skipped="0">
  <reporter-output>
  </reporter-output>
  <suite started-at="2023-07-19T00:49:07 EDT" name="PetSuite" finished-at="2023-07-19T00:49:10 EDT" duration-ms="3870">
    <groups>
    </groups>
    <test started-at="2023-07-19T00:49:07 EDT" name="PetTest" finished-at="2023-07-19T00:49:10 EDT" duration-ms="3870">
      <class name="com.anusha.test.UserTest2">
        <test-method is-config="true" signature="setUpData()[pri:0, instance:com.anusha.test.UserTest2@273e7444]" started-at="2023-07-19T00:49:07 EDT" name="setUpData" finished-at="2023-07-19T00:49:07 EDT" duration-ms="456" status="PASS">
          <reporter-output>
          </reporter-output>
        </test-method> <!-- setUpData -->
        <test-method signature="testPostUser()[pri:1, instance:com.anusha.test.UserTest2@273e7444]" started-at="2023-07-19T00:49:07 EDT" name="testPostUser" finished-at="2023-07-19T00:49:09 EDT" duration-ms="1451" status="PASS">
          <reporter-output>
          </reporter-output>
        </test-method> <!-- testPostUser -->
        <test-method signature="testGetUser()[pri:2, instance:com.anusha.test.UserTest2@273e7444]" started-at="2023-07-19T00:49:09 EDT" name="testGetUser" finished-at="2023-07-19T00:49:09 EDT" duration-ms="745" status="PASS">
          <reporter-output>
          </reporter-output>
        </test-method> <!-- testGetUser -->
        <test-method signature="testPutUser()[pri:3, instance:com.anusha.test.UserTest2@273e7444]" started-at="2023-07-19T00:49:09 EDT" name="testPutUser" finished-at="2023-07-19T00:49:10 EDT" duration-ms="600" status="PASS">
          <reporter-output>
          </reporter-output>
        </test-method> <!-- testPutUser -->
        <test-method signature="testDeleteUser()[pri:4, instance:com.anusha.test.UserTest2@273e7444]" started-at="2023-07-19T00:49:10 EDT" name="testDeleteUser" finished-at="2023-07-19T00:49:10 EDT" duration-ms="412" status="PASS">
          <reporter-output>
          </reporter-output>
        </test-method> <!-- testDeleteUser -->
      </class> <!-- com.anusha.test.UserTest2 -->
    </test> <!-- PetTest -->
  </suite> <!-- PetSuite -->
</testng-results>
